{"name": "Проверка положительного сценария заказа самоката", "status": "broken", "statusDetails": {"message": "selenium.common.exceptions.TimeoutException: Message: \nStacktrace:\nRemoteError@chrome://remote/content/shared/RemoteError.sys.mjs:8:8\nWebDriverError@chrome://remote/content/shared/webdriver/Errors.sys.mjs:193:5\nNoSuchElementError@chrome://remote/content/shared/webdriver/Errors.sys.mjs:511:5\ndom.find/</<@chrome://remote/content/shared/DOM.sys.mjs:136:16", "trace": "self = <test_order_scooter.TestOrderScooter object at 0x0000021DEFFE3B30>, driver = <selenium.webdriver.firefox.webdriver.WebDriver (session=\"4d53983c-33e8-49c0-bdf6-cf6ee5788ecc\")>\n\n    @allure.title('Проверка положительного сценария заказа самоката')\n    def test_order_scooter_succsess(self, driver):\n        order = OrderPage(driver)\n        order.order_open()\n        order.order_coocies()\n        order.wait_for_order_site()\n        order.order_data()\n        order.date_tomorrow()\n        order.select_rent_duration()\n        order.confirm_order()\n        order.order_success()\n>       assert order.check_cancel_order_button()\n\ntests\\test_order_scooter.py:18: \n_ _ _ _ _ _ _ _ _ _ _ _ _ _ _ _ _ _ _ _ _ _ _ _ _ _ _ _ _ _ _ _ _ _ _ _ _ _ _ _ _ _ _ _ _ _ _ _ _ _ _ _ _ _ _ _ _ _ _ _ _ _ _ _ _ _ _ _ _ _ _ _ _ _ _ _ _ _ _ _ _ _ _ _ _ _ _ _ _ _ _ _\npages\\order_page.py:98: in check_cancel_order_button\n    return self.get_text(OrderPageLocators.BUTTON_ORDER_CANCEL) == 'Отменить заказ'\npages\\base_page.py:33: in get_text\n    return self.wait_for_element(locator).text\npages\\base_page.py:25: in wait_for_element\n    return WebDriverWait(self.driver, 10).until(expected_conditions.visibility_of_element_located(locator))\n_ _ _ _ _ _ _ _ _ _ _ _ _ _ _ _ _ _ _ _ _ _ _ _ _ _ _ _ _ _ _ _ _ _ _ _ _ _ _ _ _ _ _ _ _ _ _ _ _ _ _ _ _ _ _ _ _ _ _ _ _ _ _ _ _ _ _ _ _ _ _ _ _ _ _ _ _ _ _ _ _ _ _ _ _ _ _ _ _ _ _ _\n\nself = <selenium.webdriver.support.wait.WebDriverWait (session=\"4d53983c-33e8-49c0-bdf6-cf6ee5788ecc\")>\nmethod = <function visibility_of_element_located.<locals>._predicate at 0x0000021DF003C360>, message = ''\n\n    def until(self, method: Callable[[D], Union[Literal[False], T]], message: str = \"\") -> T:\n        \"\"\"Calls the method provided with the driver as an argument until the \\\n        return value does not evaluate to ``False``.\n    \n        :param method: callable(WebDriver)\n        :param message: optional message for :exc:`TimeoutException`\n        :returns: the result of the last call to `method`\n        :raises: :exc:`selenium.common.exceptions.TimeoutException` if timeout occurs\n        \"\"\"\n        screen = None\n        stacktrace = None\n    \n        end_time = time.monotonic() + self._timeout\n        while True:\n            try:\n                value = method(self._driver)\n                if value:\n                    return value\n            except self._ignored_exceptions as exc:\n                screen = getattr(exc, \"screen\", None)\n                stacktrace = getattr(exc, \"stacktrace\", None)\n            time.sleep(self._poll)\n            if time.monotonic() > end_time:\n                break\n>       raise TimeoutException(message, screen, stacktrace)\nE       selenium.common.exceptions.TimeoutException: Message: \nE       Stacktrace:\nE       RemoteError@chrome://remote/content/shared/RemoteError.sys.mjs:8:8\nE       WebDriverError@chrome://remote/content/shared/webdriver/Errors.sys.mjs:193:5\nE       NoSuchElementError@chrome://remote/content/shared/webdriver/Errors.sys.mjs:511:5\nE       dom.find/</<@chrome://remote/content/shared/DOM.sys.mjs:136:16\n\n..\\..\\AppData\\Roaming\\Python\\Python312\\site-packages\\selenium\\webdriver\\support\\wait.py:105: TimeoutException"}, "steps": [{"name": "Открываем и закрываем браузер Firefox", "status": "passed", "steps": [{"name": "Открываем и закрываем браузер Firefox", "status": "passed", "parameters": [{"name": "driver", "value": "<selenium.webdriver.firefox.webdriver.WebDriver (session=\"4d53983c-33e8-49c0-bdf6-cf6ee5788ecc\")>"}], "start": 1727288832755, "stop": 1727288832755}], "parameters": [{"name": "driver", "value": "<selenium.webdriver.firefox.webdriver.WebDriver (session=\"4d53983c-33e8-49c0-bdf6-cf6ee5788ecc\")>"}], "start": 1727288832755, "stop": 1727288832755}, {"name": "Открываем сайт на странице заказа", "status": "passed", "steps": [{"name": "Метод открытия страницы", "status": "passed", "parameters": [{"name": "url", "value": "'https://qa-scooter.praktikum-services.ru/order'"}], "start": 1727288832755, "stop": 1727288833760}], "start": 1727288832755, "stop": 1727288833760}, {"name": "Нажимает кнопку согласия куки", "status": "passed", "steps": [{"name": "Метод ждет загрузки элемента и прожимает его", "status": "passed", "parameters": [{"name": "locator", "value": "('class name', 'App_CookieButton__3cvqF')"}], "start": 1727288833760, "stop": 1727288834073}], "start": 1727288833760, "stop": 1727288834073}, {"name": "Ожидания загрузки страницы Заказа", "status": "passed", "steps": [{"name": "Метод ждет и возвращает загрузку элемента", "status": "passed", "parameters": [{"name": "locator", "value": "('xpath', \".//button[text() = 'Далее']\")"}], "start": 1727288834073, "stop": 1727288834073}], "start": 1727288834073, "stop": 1727288834073}, {"name": "собрали шаг из методов ввода данных", "status": "passed", "steps": [{"name": "Ввод имени из data.py", "status": "passed", "steps": [{"name": "Метод ждет загрузки элемента и вводит данные (keys)", "status": "passed", "steps": [{"name": "Метод ждет и возвращает загрузку элемента", "status": "passed", "parameters": [{"name": "locator", "value": "('xpath', \".//input[@placeholder = '* Имя']\")"}], "start": 1727288834073, "stop": 1727288834089}], "parameters": [{"name": "locator", "value": "('xpath', \".//input[@placeholder = '* Имя']\")"}, {"name": "keys", "value": "'Эльдар'"}], "start": 1727288834073, "stop": 1727288834183}], "start": 1727288834073, "stop": 1727288834183}, {"name": "Ввод фамилии из data.py", "status": "passed", "steps": [{"name": "Метод ждет загрузки элемента и вводит данные (keys)", "status": "passed", "steps": [{"name": "Метод ждет и возвращает загрузку элемента", "status": "passed", "parameters": [{"name": "locator", "value": "('xpath', \".//input[@placeholder = '* Фамилия']\")"}], "start": 1727288834183, "stop": 1727288834199}], "parameters": [{"name": "locator", "value": "('xpath', \".//input[@placeholder = '* Фамилия']\")"}, {"name": "keys", "value": "'Дикопп'"}], "start": 1727288834183, "stop": 1727288834230}], "start": 1727288834183, "stop": 1727288834230}, {"name": "Ввод адреса из data.py", "status": "passed", "steps": [{"name": "Метод ждет загрузки элемента и вводит данные (keys)", "status": "passed", "steps": [{"name": "Метод ждет и возвращает загрузку элемента", "status": "passed", "parameters": [{"name": "locator", "value": "('xpath', \".//input[@placeholder = '* Адрес: куда привезти заказ']\")"}], "start": 1727288834230, "stop": 1727288834246}], "parameters": [{"name": "locator", "value": "('xpath', \".//input[@placeholder = '* Адрес: куда привезти заказ']\")"}, {"name": "keys", "value": "'Годная работа 5'"}], "start": 1727288834230, "stop": 1727288834293}], "start": 1727288834230, "stop": 1727288834293}, {"name": "Выбор станции метро", "status": "passed", "steps": [{"name": "Метод ждет загрузки элемента и прожимает его", "status": "passed", "parameters": [{"name": "locator", "value": "('xpath', \".//input[@placeholder = '* Станция метро']\")"}], "start": 1727288834293, "stop": 1727288834575}, {"name": "Метод ждет и возвращает загрузку элемента", "status": "passed", "parameters": [{"name": "locator", "value": "('xpath', \".//div[@class='select-search__select']\")"}], "start": 1727288834575, "stop": 1727288834591}, {"name": "Метод ждет загрузки элемента и прожимает его", "status": "passed", "parameters": [{"name": "locator", "value": "('xpath', \".//button[contains(@class, 'select-search__option')]//div[text()='Бульвар Рокоссовского']\")"}], "start": 1727288834591, "stop": 1727288835330}], "start": 1727288834293, "stop": 1727288835330}, {"name": "Ввод телефонного номера из data.py", "status": "passed", "steps": [{"name": "Метод ждет загрузки элемента и вводит данные (keys)", "status": "passed", "steps": [{"name": "Метод ждет и возвращает загрузку элемента", "status": "passed", "parameters": [{"name": "locator", "value": "('xpath', \".//input[@placeholder = '* Телефон: на него позвонит курьер']\")"}], "start": 1727288835330, "stop": 1727288835330}], "parameters": [{"name": "locator", "value": "('xpath', \".//input[@placeholder = '* Телефон: на него позвонит курьер']\")"}, {"name": "keys", "value": "'89991234567'"}], "start": 1727288835330, "stop": 1727288835361}], "start": 1727288835330, "stop": 1727288835361}, {"name": "Нажать на кнопку \"Далее\"", "status": "passed", "steps": [{"name": "Метод ждет загрузки элемента и прожимает его", "status": "passed", "parameters": [{"name": "locator", "value": "('xpath', \".//button[text() = 'Далее']\")"}], "start": 1727288835361, "stop": 1727288835612}], "start": 1727288835361, "stop": 1727288835612}], "start": 1727288834073, "stop": 1727288835612}, {"name": "Выбрали дату \"Послезавтра\"", "status": "passed", "steps": [{"name": "Метод ждет загрузки элемента и прожимает его", "status": "passed", "parameters": [{"name": "locator", "value": "('xpath', \".//input[@placeholder = '* Когда привезти самокат']\")"}], "start": 1727288835612, "stop": 1727288835888}, {"name": "Метод ждет и возвращает загрузку элемента", "status": "passed", "parameters": [{"name": "locator", "value": "('xpath', \".//div[@class = 'react-datepicker-popper']\")"}], "start": 1727288835888, "stop": 1727288835888}, {"name": "Метод ждет загрузки элемента и прожимает его", "status": "passed", "parameters": [{"name": "locator", "value": "('xpath', \"//div[contains(@class, 'react-datepicker-popper')]//div[text()='27']\")"}], "start": 1727288835888, "stop": 1727288836140}], "start": 1727288835612, "stop": 1727288836140}, {"name": "Заказали самокат на сутки", "status": "passed", "steps": [{"name": "Метод ждет загрузки элемента и прожимает его", "status": "passed", "parameters": [{"name": "locator", "value": "('xpath', \".//div[@class = 'Dropdown-placeholder' and text() = '* Срок аренды']\")"}], "start": 1727288836140, "stop": 1727288836375}, {"name": "Метод ждет и возвращает загрузку элемента", "status": "passed", "parameters": [{"name": "locator", "value": "('xpath', \".//div[@class = 'Dropdown-menu']\")"}], "start": 1727288836375, "stop": 1727288836375}, {"name": "Метод ждет загрузки элемента и прожимает его", "status": "passed", "parameters": [{"name": "locator", "value": "('xpath', \".//div[@class = 'Dropdown-menu']/div[text() = 'сутки']\")"}], "start": 1727288836375, "stop": 1727288837114}], "start": 1727288836140, "stop": 1727288837114}, {"name": "Шаг подтверждает заказ", "status": "passed", "steps": [{"name": "Метод ждет загрузки элемента и прожимает его", "status": "passed", "parameters": [{"name": "locator", "value": "('xpath', \".//div[@class = 'Order_Buttons__1xGrp']/button[text () = 'Заказать']\")"}], "start": 1727288837114, "stop": 1727288837349}, {"name": "Метод ждет и возвращает загрузку элемента", "status": "passed", "parameters": [{"name": "locator", "value": "('xpath', \".//div[@class = 'Order_ModalHeader__3FDaJ']\")"}], "start": 1727288837349, "stop": 1727288837365}, {"name": "Метод ждет загрузки элемента и прожимает его", "status": "passed", "parameters": [{"name": "locator", "value": "('xpath', \".//button[text() = 'Да']\")"}], "start": 1727288837365, "stop": 1727288837600}], "start": 1727288837114, "stop": 1727288837600}, {"name": "проверка загрузки подтверждения заказа, переход на страницу отслеживания", "status": "passed", "steps": [{"name": "Метод ждет и возвращает загрузку элемента", "status": "passed", "parameters": [{"name": "locator", "value": "('xpath', \".//div[@class = 'Order_Modal__YZ-d3']/div[text() = 'Заказ оформлен']\")"}], "start": 1727288837600, "stop": 1727288837600}, {"name": "Метод ждет загрузки элемента и прожимает его", "status": "passed", "parameters": [{"name": "locator", "value": "('xpath', \".//button[text() = 'Посмотреть статус']\")"}], "start": 1727288837600, "stop": 1727288837882}], "start": 1727288837600, "stop": 1727288837882}, {"name": "Подтверждение перехода на страницу отслеживания наличием уникальной кнопки", "status": "broken", "statusDetails": {"message": "selenium.common.exceptions.TimeoutException: Message: \nStacktrace:\nRemoteError@chrome://remote/content/shared/RemoteError.sys.mjs:8:8\nWebDriverError@chrome://remote/content/shared/webdriver/Errors.sys.mjs:193:5\nNoSuchElementError@chrome://remote/content/shared/webdriver/Errors.sys.mjs:511:5\ndom.find/</<@chrome://remote/content/shared/DOM.sys.mjs:136:16\n\n", "trace": "  File \"C:\\Users\\user\\AppData\\Roaming\\Python\\Python312\\site-packages\\allure_commons\\_allure.py\", line 192, in impl\n    return func(*a, **kw)\n           ^^^^^^^^^^^^^^\n  File \"C:\\Users\\user\\Documents\\Sprint_6\\pages\\order_page.py\", line 98, in check_cancel_order_button\n    return self.get_text(OrderPageLocators.BUTTON_ORDER_CANCEL) == 'Отменить заказ'\n           ^^^^^^^^^^^^^^^^^^^^^^^^^^^^^^^^^^^^^^^^^^^^^^^^^^^^\n  File \"C:\\Users\\user\\AppData\\Roaming\\Python\\Python312\\site-packages\\allure_commons\\_allure.py\", line 192, in impl\n    return func(*a, **kw)\n           ^^^^^^^^^^^^^^\n  File \"C:\\Users\\user\\Documents\\Sprint_6\\pages\\base_page.py\", line 33, in get_text\n    return self.wait_for_element(locator).text\n           ^^^^^^^^^^^^^^^^^^^^^^^^^^^^^^\n  File \"C:\\Users\\user\\AppData\\Roaming\\Python\\Python312\\site-packages\\allure_commons\\_allure.py\", line 192, in impl\n    return func(*a, **kw)\n           ^^^^^^^^^^^^^^\n  File \"C:\\Users\\user\\Documents\\Sprint_6\\pages\\base_page.py\", line 25, in wait_for_element\n    return WebDriverWait(self.driver, 10).until(expected_conditions.visibility_of_element_located(locator))\n           ^^^^^^^^^^^^^^^^^^^^^^^^^^^^^^^^^^^^^^^^^^^^^^^^^^^^^^^^^^^^^^^^^^^^^^^^^^^^^^^^^^^^^^^^^^^^^^^^\n  File \"C:\\Users\\user\\AppData\\Roaming\\Python\\Python312\\site-packages\\selenium\\webdriver\\support\\wait.py\", line 105, in until\n    raise TimeoutException(message, screen, stacktrace)\n"}, "steps": [{"name": "Метод возвращает текст элемента", "status": "broken", "statusDetails": {"message": "selenium.common.exceptions.TimeoutException: Message: \nStacktrace:\nRemoteError@chrome://remote/content/shared/RemoteError.sys.mjs:8:8\nWebDriverError@chrome://remote/content/shared/webdriver/Errors.sys.mjs:193:5\nNoSuchElementError@chrome://remote/content/shared/webdriver/Errors.sys.mjs:511:5\ndom.find/</<@chrome://remote/content/shared/DOM.sys.mjs:136:16\n\n", "trace": "  File \"C:\\Users\\user\\AppData\\Roaming\\Python\\Python312\\site-packages\\allure_commons\\_allure.py\", line 192, in impl\n    return func(*a, **kw)\n           ^^^^^^^^^^^^^^\n  File \"C:\\Users\\user\\Documents\\Sprint_6\\pages\\base_page.py\", line 33, in get_text\n    return self.wait_for_element(locator).text\n           ^^^^^^^^^^^^^^^^^^^^^^^^^^^^^^\n  File \"C:\\Users\\user\\AppData\\Roaming\\Python\\Python312\\site-packages\\allure_commons\\_allure.py\", line 192, in impl\n    return func(*a, **kw)\n           ^^^^^^^^^^^^^^\n  File \"C:\\Users\\user\\Documents\\Sprint_6\\pages\\base_page.py\", line 25, in wait_for_element\n    return WebDriverWait(self.driver, 10).until(expected_conditions.visibility_of_element_located(locator))\n           ^^^^^^^^^^^^^^^^^^^^^^^^^^^^^^^^^^^^^^^^^^^^^^^^^^^^^^^^^^^^^^^^^^^^^^^^^^^^^^^^^^^^^^^^^^^^^^^^\n  File \"C:\\Users\\user\\AppData\\Roaming\\Python\\Python312\\site-packages\\selenium\\webdriver\\support\\wait.py\", line 105, in until\n    raise TimeoutException(message, screen, stacktrace)\n"}, "steps": [{"name": "Метод ждет и возвращает загрузку элемента", "status": "broken", "statusDetails": {"message": "selenium.common.exceptions.TimeoutException: Message: \nStacktrace:\nRemoteError@chrome://remote/content/shared/RemoteError.sys.mjs:8:8\nWebDriverError@chrome://remote/content/shared/webdriver/Errors.sys.mjs:193:5\nNoSuchElementError@chrome://remote/content/shared/webdriver/Errors.sys.mjs:511:5\ndom.find/</<@chrome://remote/content/shared/DOM.sys.mjs:136:16\n\n", "trace": "  File \"C:\\Users\\user\\AppData\\Roaming\\Python\\Python312\\site-packages\\allure_commons\\_allure.py\", line 192, in impl\n    return func(*a, **kw)\n           ^^^^^^^^^^^^^^\n  File \"C:\\Users\\user\\Documents\\Sprint_6\\pages\\base_page.py\", line 25, in wait_for_element\n    return WebDriverWait(self.driver, 10).until(expected_conditions.visibility_of_element_located(locator))\n           ^^^^^^^^^^^^^^^^^^^^^^^^^^^^^^^^^^^^^^^^^^^^^^^^^^^^^^^^^^^^^^^^^^^^^^^^^^^^^^^^^^^^^^^^^^^^^^^^\n  File \"C:\\Users\\user\\AppData\\Roaming\\Python\\Python312\\site-packages\\selenium\\webdriver\\support\\wait.py\", line 105, in until\n    raise TimeoutException(message, screen, stacktrace)\n"}, "parameters": [{"name": "locator", "value": "('xpath', \".//button[@class = 'Button_Button__ra12g Button_Middle__1CSJM Button_Inverted__3IF-i']\")"}], "start": 1727288837882, "stop": 1727288848046}], "parameters": [{"name": "locator", "value": "('xpath', \".//button[@class = 'Button_Button__ra12g Button_Middle__1CSJM Button_Inverted__3IF-i']\")"}], "start": 1727288837882, "stop": 1727288848085}], "start": 1727288837882, "stop": 1727288848085}], "start": 1727288832755, "stop": 1727288848085, "uuid": "c2f40ba5-f512-4ea9-b4c6-1b38901ccf25", "historyId": "5b640710f1931971288f35275910aa6b", "testCaseId": "5b640710f1931971288f35275910aa6b", "fullName": "tests.test_order_scooter.TestOrderScooter#test_order_scooter_succsess", "labels": [{"name": "parentSuite", "value": "tests"}, {"name": "suite", "value": "test_order_scooter"}, {"name": "subSuite", "value": "TestOrderScooter"}, {"name": "host", "value": "WIN-4TEUO1LLUHP"}, {"name": "thread", "value": "27168-MainThread"}, {"name": "framework", "value": "pytest"}, {"name": "language", "value": "cpython3"}, {"name": "package", "value": "tests.test_order_scooter"}]}